<?xml version="1.0" encoding="UTF-8"?>
<testng-results skipped="0" failed="0" ignored="0" total="1" passed="1">
  <reporter-output>
  </reporter-output>
  <suite name="Suite" duration-ms="45439" started-at="2020-08-30T05:20:40Z" finished-at="2020-08-30T05:21:25Z">
    <groups>
    </groups>
    <test name="Test" duration-ms="45439" started-at="2020-08-30T05:20:40Z" finished-at="2020-08-30T05:21:25Z">
      <class name="com.zoroz.testcases.LoginTest">
        <test-method status="PASS" signature="setup()[pri:0, instance:com.zoroz.testcases.LoginTest@60f82f98]" name="setup" is-config="true" duration-ms="12588" started-at="2020-08-30T05:20:27Z" finished-at="2020-08-30T05:20:40Z">
          <reporter-output>
          </reporter-output>
        </test-method> <!-- setup -->
        <test-method status="PASS" signature="doLogin(java.util.Hashtable)[pri:0, instance:com.zoroz.testcases.LoginTest@60f82f98]" name="doLogin" duration-ms="44804" started-at="2020-08-30T05:20:40Z" data-provider="dp" finished-at="2020-08-30T05:21:25Z">
          <params>
            <param index="0">
              <value>
                <![CDATA[{Username=Admin, UserID=User1, Password=admin123}]]>
              </value>
            </param>
          </params>
          <reporter-output>
          </reporter-output>
        </test-method> <!-- doLogin -->
        <test-method status="PASS" signature="tearDown()[pri:0, instance:com.zoroz.testcases.LoginTest@60f82f98]" name="tearDown" is-config="true" duration-ms="850" started-at="2020-08-30T05:21:25Z" finished-at="2020-08-30T05:21:26Z">
          <reporter-output>
          </reporter-output>
        </test-method> <!-- tearDown -->
      </class> <!-- com.zoroz.testcases.LoginTest -->
    </test> <!-- Test -->
  </suite> <!-- Suite -->
</testng-results>
